<?xml version="1.0" encoding="UTF-8"?>
<!-- Generated by org.testng.reporters.JUnitReportReporter -->
<testsuite hostname="Admin" failures="0" tests="1" name="testRunner.TestRunner" time="28.092" errors="0" timestamp="2 Nov 2020 12:42:02 GMT">
  <testcase classname="testRunner.TestRunner" name="feature" time="28.092"/>
</testsuite> <!-- testRunner.TestRunner -->
