<?xml version="1.0" encoding="UTF-8"?>
<!-- Generated by org.testng.reporters.JUnitReportReporter -->
<testsuite hostname="Admin" failures="0" tests="1" name="testRunner.TestRunner" time="223.947" errors="0" timestamp="2 Nov 2020 09:36:56 GMT">
  <testcase classname="testRunner.TestRunner" name="feature" time="223.947"/>
</testsuite> <!-- testRunner.TestRunner -->
